[INFO] Scanning for projects...
[INFO]                                                                         
[INFO] ------------------------------------------------------------------------
[INFO] Building JPA Security JSF E-learning sample - pure JSF application 0.4.0-SNAPSHOT
[INFO] ------------------------------------------------------------------------
[INFO] 
[INFO] --- maven-clean-plugin:2.4.1:clean (default-clean) @ jpasecurity-jsf-elearning-jsf-application ---
[INFO] Deleting C:\Users\arne.limburg.OPENKNOWLEDGE\Eigene Projekte\jpa-security\trunk-complete\jpasecurity-samples\jpasecurity-jsf-elearning-sample\jpasecurity-jsf-elearning-jsf-application\target
[INFO] 
[INFO] --- maven-resources-plugin:2.3:resources (default-resources) @ jpasecurity-jsf-elearning-jsf-application ---
[INFO] Using 'UTF-8' encoding to copy filtered resources.
[INFO] Copying 1 resource
[INFO] 
[INFO] --- maven-compiler-plugin:2.0:compile (default-compile) @ jpasecurity-jsf-elearning-jsf-application ---
Compiling 11 source files to C:\Users\arne.limburg.OPENKNOWLEDGE\Eigene Projekte\jpa-security\trunk-complete\jpasecurity-samples\jpasecurity-jsf-elearning-sample\jpasecurity-jsf-elearning-jsf-application\target\classes
[INFO] 
[INFO] --- maven-compiler-plugin:2.0:compile (compile-sources) @ jpasecurity-jsf-elearning-jsf-application ---
[INFO] Nothing to compile - all classes are up to date
[INFO] 
[INFO] --- maven-checkstyle-plugin:2.5:checkstyle (compile) @ jpasecurity-jsf-elearning-jsf-application ---
[INFO] Starting audit...
Audit done.

[WARNING] Unable to locate Source XRef to link to - DISABLED
[INFO] 
[INFO] --- maven-resources-plugin:2.3:testResources (default-testResources) @ jpasecurity-jsf-elearning-jsf-application ---
[INFO] Using 'UTF-8' encoding to copy filtered resources.
[INFO] skip non existing resourceDirectory C:\Users\arne.limburg.OPENKNOWLEDGE\Eigene Projekte\jpa-security\trunk-complete\jpasecurity-samples\jpasecurity-jsf-elearning-sample\jpasecurity-jsf-elearning-jsf-application\src\test\resources
[INFO] 
[INFO] --- maven-compiler-plugin:2.0:testCompile (default-testCompile) @ jpasecurity-jsf-elearning-jsf-application ---
Compiling 1 source file to C:\Users\arne.limburg.OPENKNOWLEDGE\Eigene Projekte\jpa-security\trunk-complete\jpasecurity-samples\jpasecurity-jsf-elearning-sample\jpasecurity-jsf-elearning-jsf-application\target\test-classes
[INFO] 
[INFO] --- maven-compiler-plugin:2.0:testCompile (compile-tests) @ jpasecurity-jsf-elearning-jsf-application ---
[INFO] Nothing to compile - all classes are up to date
[INFO] 
[INFO] --- maven-surefire-plugin:2.8.1:test (default-test) @ jpasecurity-jsf-elearning-jsf-application ---
[INFO] Surefire report directory: C:\Users\arne.limburg.OPENKNOWLEDGE\Eigene Projekte\jpa-security\trunk-complete\jpasecurity-samples\jpasecurity-jsf-elearning-sample\jpasecurity-jsf-elearning-jsf-application\target\surefire-reports

-------------------------------------------------------
 T E S T S
-------------------------------------------------------
Running net.sf.jpasecurity.samples.elearning.jsf.service.TestDataTest
log4j:WARN No appenders could be found for logger (org.hibernate.type.BasicTypeRegistry).
log4j:WARN Please initialize the log4j system properly.
Tests run: 1, Failures: 0, Errors: 0, Skipped: 0, Time elapsed: 1.772 sec

Results :

Tests run: 1, Failures: 0, Errors: 0, Skipped: 0

[INFO] 
[INFO] --- maven-war-plugin:2.1.1:war (default-war) @ jpasecurity-jsf-elearning-jsf-application ---
[INFO] Packaging webapp
[INFO] Assembling webapp [jpasecurity-jsf-elearning-jsf-application] in [C:\Users\arne.limburg.OPENKNOWLEDGE\Eigene Projekte\jpa-security\trunk-complete\jpasecurity-samples\jpasecurity-jsf-elearning-sample\jpasecurity-jsf-elearning-jsf-application\target\jpasecurity-jsf-elearning-jsf-application-0.4.0-SNAPSHOT]
[INFO] Processing war project
[INFO] Copying webapp resources [C:\Users\arne.limburg.OPENKNOWLEDGE\Eigene Projekte\jpa-security\trunk-complete\jpasecurity-samples\jpasecurity-jsf-elearning-sample\jpasecurity-jsf-elearning-jsf-application\src\main\webapp]
[INFO] Webapp assembled in [368 msecs]
[INFO] Building war: C:\Users\arne.limburg.OPENKNOWLEDGE\Eigene Projekte\jpa-security\trunk-complete\jpasecurity-samples\jpasecurity-jsf-elearning-sample\jpasecurity-jsf-elearning-jsf-application\target\jpasecurity-jsf-elearning-jsf-application-0.4.0-SNAPSHOT.war
[WARNING] Warning: selected war files include a WEB-INF/web.xml which will be ignored 
(webxml attribute is missing from war task, or ignoreWebxml attribute is specified as 'true')
[INFO] 
[INFO] --- maven-jar-plugin:2.3.2:test-jar (default) @ jpasecurity-jsf-elearning-jsf-application ---
[INFO] Building jar: C:\Users\arne.limburg.OPENKNOWLEDGE\Eigene Projekte\jpa-security\trunk-complete\jpasecurity-samples\jpasecurity-jsf-elearning-sample\jpasecurity-jsf-elearning-jsf-application\target\jpasecurity-jsf-elearning-jsf-application-0.4.0-SNAPSHOT-tests.jar
[INFO] 
[INFO] >>> maven-source-plugin:2.1.2:jar (attach-sources) @ jpasecurity-jsf-elearning-jsf-application >>>
[INFO] 
[INFO] <<< maven-source-plugin:2.1.2:jar (attach-sources) @ jpasecurity-jsf-elearning-jsf-application <<<
[INFO] 
[INFO] --- maven-source-plugin:2.1.2:jar (attach-sources) @ jpasecurity-jsf-elearning-jsf-application ---
[INFO] Building jar: C:\Users\arne.limburg.OPENKNOWLEDGE\Eigene Projekte\jpa-security\trunk-complete\jpasecurity-samples\jpasecurity-jsf-elearning-sample\jpasecurity-jsf-elearning-jsf-application\target\jpasecurity-jsf-elearning-jsf-application-0.4.0-SNAPSHOT-sources.jar
[INFO] 
[INFO] >>> jdepend-maven-plugin:2.0-beta-2:generate (default) @ jpasecurity-jsf-elearning-jsf-application >>>
[INFO] 
[INFO] --- maven-resources-plugin:2.3:resources (default-resources) @ jpasecurity-jsf-elearning-jsf-application ---
[INFO] Using 'UTF-8' encoding to copy filtered resources.
[INFO] Copying 1 resource
[INFO] 
[INFO] --- maven-compiler-plugin:2.0:compile (default-compile) @ jpasecurity-jsf-elearning-jsf-application ---
[INFO] Nothing to compile - all classes are up to date
[INFO] 
[INFO] --- maven-compiler-plugin:2.0:compile (compile-sources) @ jpasecurity-jsf-elearning-jsf-application ---
[INFO] Nothing to compile - all classes are up to date
[INFO] 
[INFO] --- maven-checkstyle-plugin:2.5:checkstyle (compile) @ jpasecurity-jsf-elearning-jsf-application ---
[INFO] Starting audit...
Audit done.

[WARNING] Unable to locate Source XRef to link to - DISABLED
[INFO] 
[INFO] <<< jdepend-maven-plugin:2.0-beta-2:generate (default) @ jpasecurity-jsf-elearning-jsf-application <<<
[INFO] 
[INFO] --- jdepend-maven-plugin:2.0-beta-2:generate (default) @ jpasecurity-jsf-elearning-jsf-application ---
[INFO] 
[INFO] --- maven-antrun-plugin:1.6:run (default) @ jpasecurity-jsf-elearning-jsf-application ---
[INFO] Executing tasks

main:
     [xslt] Processing C:\Users\arne.limburg.OPENKNOWLEDGE\Eigene Projekte\jpa-security\trunk-complete\jpasecurity-samples\jpasecurity-jsf-elearning-sample\jpasecurity-jsf-elearning-jsf-application\target\jdepend-report.xml to C:\Users\arne.limburg.OPENKNOWLEDGE\Eigene Projekte\jpa-security\trunk-complete\jpasecurity-samples\jpasecurity-jsf-elearning-sample\jpasecurity-jsf-elearning-jsf-application\target\jdepend-cycle-check.txt
     [xslt] Loading stylesheet jdepend/xsl/jdepend-cycle-check.xsl
[INFO] Executed tasks
[INFO] 
[INFO] --- build-helper-maven-plugin:1.7:add-test-source (add-test-source) @ jpasecurity-jsf-elearning-jsf-application ---
[INFO] Test Source directory: C:\Users\arne.limburg.OPENKNOWLEDGE\Eigene Projekte\jpa-security\trunk-complete\jpasecurity-samples\jpasecurity-jsf-elearning-sample\jpasecurity-jsf-elearning-jsf-application\src\it\java added.
[INFO] 
[INFO] --- maven-compiler-plugin:2.0:testCompile (compile-integration-tests) @ jpasecurity-jsf-elearning-jsf-application ---
Compiling 12 source files to C:\Users\arne.limburg.OPENKNOWLEDGE\Eigene Projekte\jpa-security\trunk-complete\jpasecurity-samples\jpasecurity-jsf-elearning-sample\jpasecurity-jsf-elearning-jsf-application\target\test-classes
[INFO] 
[INFO] --- maven-t7-plugin:0.9.7.M1:run (tomcat-start) @ jpasecurity-jsf-elearning-jsf-application ---
[INFO] Starting Tomcat ...
log4j:WARN No appenders could be found for logger (org.apache.commons.digester.Digester.sax).
log4j:WARN Please initialize the log4j system properly.
log4j:WARN No appenders could be found for logger (org.apache.commons.digester.Digester.sax).
log4j:WARN Please initialize the log4j system properly.
[INFO] Tomcat started
[INFO] 
[INFO] --- maven-failsafe-plugin:2.10:integration-test (default) @ jpasecurity-jsf-elearning-jsf-application ---
[INFO] Failsafe report directory: C:\Users\arne.limburg.OPENKNOWLEDGE\Eigene Projekte\jpa-security\trunk-complete\jpasecurity-samples\jpasecurity-jsf-elearning-sample\jpasecurity-jsf-elearning-jsf-application\target\failsafe-reports

-------------------------------------------------------
 T E S T S
-------------------------------------------------------
Running net.sf.jpasecurity.samples.elearning.jsf.service.TestDataTest
log4j:WARN No appenders could be found for logger (org.hibernate.type.BasicTypeRegistry).
log4j:WARN Please initialize the log4j system properly.
Tests run: 1, Failures: 0, Errors: 0, Skipped: 0, Time elapsed: 2.233 sec
Running net.sf.jpasecurity.samples.elearning.jsf.view.CoursesTest
Tests run: 8, Failures: 2, Errors: 0, Skipped: 2, Time elapsed: 3.752 sec <<< FAILURE!
Running net.sf.jpasecurity.samples.elearning.jsf.view.CourseTest
Tests run: 10, Failures: 2, Errors: 1, Skipped: 4, Time elapsed: 1.716 sec <<< FAILURE!
Running net.sf.jpasecurity.samples.elearning.jsf.view.DashboardTest
Tests run: 8, Failures: 0, Errors: 0, Skipped: 7, Time elapsed: 0.071 sec
Running net.sf.jpasecurity.samples.elearning.jsf.view.IndexTest
Tests run: 7, Failures: 0, Errors: 0, Skipped: 2, Time elapsed: 1.239 sec
Running net.sf.jpasecurity.samples.elearning.jsf.view.LessonCreatorTest
Tests run: 5, Failures: 0, Errors: 0, Skipped: 5, Time elapsed: 0.001 sec
Running net.sf.jpasecurity.samples.elearning.jsf.view.LessonTest
Tests run: 5, Failures: 0, Errors: 0, Skipped: 5, Time elapsed: 0.001 sec
Running net.sf.jpasecurity.samples.elearning.jsf.view.LoginTest
Tests run: 5, Failures: 0, Errors: 0, Skipped: 5, Time elapsed: 0 sec
Running net.sf.jpasecurity.samples.elearning.jsf.view.StudentTest
Tests run: 8, Failures: 2, Errors: 0, Skipped: 2, Time elapsed: 1.95 sec <<< FAILURE!
Running net.sf.jpasecurity.samples.elearning.jsf.view.TeachersTest
Tests run: 6, Failures: 0, Errors: 0, Skipped: 2, Time elapsed: 1.079 sec
Running net.sf.jpasecurity.samples.elearning.jsf.view.TeacherTest
Tests run: 8, Failures: 2, Errors: 0, Skipped: 2, Time elapsed: 1.92 sec <<< FAILURE!

Results :

Failed tests:   linkTestAsTeacher(net.sf.jpasecurity.samples.elearning.jsf.view.CoursesTest): expected:<1> but was:<0>
  linkTestAsStudent(net.sf.jpasecurity.samples.elearning.jsf.view.CoursesTest): expected:<1> but was:<0>
  authenticatedAsTeacher(net.sf.jpasecurity.samples.elearning.jsf.view.CourseTest): expected:<1> but was:<0>
  authenticatedAsStudent(net.sf.jpasecurity.samples.elearning.jsf.view.CourseTest): expected:<1> but was:<0>
  linkTestAsTeacher(net.sf.jpasecurity.samples.elearning.jsf.view.StudentTest): expected:<1> but was:<0>
  linkTestAsStudent(net.sf.jpasecurity.samples.elearning.jsf.view.StudentTest): expected:<1> but was:<0>
  linkTestAsTeacher(net.sf.jpasecurity.samples.elearning.jsf.view.TeacherTest): expected:<1> but was:<0>
  linkTestAsStudent(net.sf.jpasecurity.samples.elearning.jsf.view.TeacherTest): expected:<1> but was:<0>

Tests in error: 
  lessonCreatorLinkTest(net.sf.jpasecurity.samples.elearning.jsf.view.CourseTest)

Tests run: 71, Failures: 8, Errors: 1, Skipped: 36

[WARNING] File encoding has not been set, using platform encoding Cp1252, i.e. build is platform dependent!
[INFO] 
[INFO] --- maven-t7-plugin:0.9.7.M1:stop (tomcat-stop) @ jpasecurity-jsf-elearning-jsf-application ---
[INFO] 
[INFO] --- maven-failsafe-plugin:2.10:verify (default) @ jpasecurity-jsf-elearning-jsf-application ---
[INFO] Failsafe report directory: C:\Users\arne.limburg.OPENKNOWLEDGE\Eigene Projekte\jpa-security\trunk-complete\jpasecurity-samples\jpasecurity-jsf-elearning-sample\jpasecurity-jsf-elearning-jsf-application\target\failsafe-reports
[WARNING] File encoding has not been set, using platform encoding Cp1252, i.e. build is platform dependent!
[INFO] ------------------------------------------------------------------------
[INFO] BUILD FAILURE
[INFO] ------------------------------------------------------------------------
[INFO] Total time: 1:05.476s
[INFO] Finished at: Wed Nov 02 11:00:07 CET 2011
[INFO] Final Memory: 40M/97M
[INFO] ------------------------------------------------------------------------
[ERROR] Failed to execute goal org.apache.maven.plugins:maven-failsafe-plugin:2.10:verify (default) on project jpasecurity-jsf-elearning-jsf-application: There are test failures.
[ERROR] 
[ERROR] Please refer to C:\Users\arne.limburg.OPENKNOWLEDGE\Eigene Projekte\jpa-security\trunk-complete\jpasecurity-samples\jpasecurity-jsf-elearning-sample\jpasecurity-jsf-elearning-jsf-application\target\failsafe-reports for the individual test results.
[ERROR] -> [Help 1]
[ERROR] 
[ERROR] To see the full stack trace of the errors, re-run Maven with the -e switch.
[ERROR] Re-run Maven using the -X switch to enable full debug logging.
[ERROR] 
[ERROR] For more information about the errors and possible solutions, please read the following articles:
[ERROR] [Help 1] http://cwiki.apache.org/confluence/display/MAVEN/MojoFailureException
